<?xml version="1.0" encoding="UTF-8" ?>
<testsuite tests="1" failures="0" name="com.baidu.disconf.core.test.utils.MyStringUtilsTestCase" time="0.004" errors="0" skipped="0">
  <properties>
    <property name="jmockit-instrumentation" value="null"/>
    <property name="java.runtime.name" value="Java(TM) SE Runtime Environment"/>
    <property name="sun.boot.library.path" value="D:\Java\jdk1.8.0_171\jre\bin"/>
    <property name="java.vm.version" value="25.171-b11"/>
    <property name="java.vm.vendor" value="Oracle Corporation"/>
    <property name="java.vendor.url" value="http://java.oracle.com/"/>
    <property name="path.separator" value=";"/>
    <property name="java.vm.name" value="Java HotSpot(TM) 64-Bit Server VM"/>
    <property name="file.encoding.pkg" value="sun.io"/>
    <property name="user.script" value=""/>
    <property name="user.country" value="CN"/>
    <property name="sun.java.launcher" value="SUN_STANDARD"/>
    <property name="sun.os.patch.level" value="Service Pack 1"/>
    <property name="java.vm.specification.name" value="Java Virtual Machine Specification"/>
    <property name="user.dir" value="F:\workspaces\ssg-disconf\disconf\disconf-core"/>
    <property name="java.runtime.version" value="1.8.0_171-b11"/>
    <property name="java.awt.graphicsenv" value="sun.awt.Win32GraphicsEnvironment"/>
    <property name="basedir" value="F:\workspaces\ssg-disconf\disconf\disconf-core"/>
    <property name="java.endorsed.dirs" value="D:\Java\jdk1.8.0_171\jre\lib\endorsed"/>
    <property name="os.arch" value="amd64"/>
    <property name="surefire.real.class.path" value="C:\Users\ADMINI~1\AppData\Local\Temp\surefirebooter5090588998548950765.jar"/>
    <property name="java.io.tmpdir" value="C:\Users\ADMINI~1\AppData\Local\Temp\"/>
    <property name="line.separator" value="
"/>
    <property name="java.vm.specification.vendor" value="Oracle Corporation"/>
    <property name="user.variant" value=""/>
    <property name="os.name" value="Windows 7"/>
    <property name="sun.jnu.encoding" value="GBK"/>
    <property name="java.library.path" value="D:\Java\jdk1.8.0_171\jre\bin;C:\Windows\Sun\Java\bin;C:\Windows\system32;C:\Windows;C:\Program Files\VanDyke Software\Clients\;D:\Java\jdk1.8.0_171\bin;D:\Java\jdk1.8.0_171\jre\bin;C:\Program Files (x86)\Common Files\Oracle\Java\javapath;C:\Windows\system32;C:\Windows;C:\Windows\System32\Wbem;C:\Windows\System32\WindowsPowerShell\v1.0\;C:\Program Files\Git\cmd;C:\Users\Administrator\AppData\Roaming\npm;C:\Users\Administrator\AppData\Local\atom\bin;C:\Program Files\Microsoft VS Code\bin;C:\Program Files (x86)\Cesoft\Excel Server 2017;D:\maven\apache-maven-mian\bin;C:\Program Files\TortoiseSVN\bin;;."/>
    <property name="surefire.test.class.path" value="F:\workspaces\ssg-disconf\disconf\disconf-core\target\test-classes;F:\workspaces\ssg-disconf\disconf\disconf-core\target\generated-classes\cobertura;D:\maven\apache-maven-mian\repository\com\google\guava\guava\19.0-rc2\guava-19.0-rc2.jar;D:\maven\apache-maven-mian\repository\commons-io\commons-io\1.4\commons-io-1.4.jar;D:\maven\apache-maven-mian\repository\org\apache\httpcomponents\httpclient\4.5.1\httpclient-4.5.1.jar;D:\maven\apache-maven-mian\repository\org\apache\httpcomponents\httpcore\4.4.3\httpcore-4.4.3.jar;D:\maven\apache-maven-mian\repository\commons-logging\commons-logging\1.0.4\commons-logging-1.0.4.jar;D:\maven\apache-maven-mian\repository\commons-codec\commons-codec\1.9\commons-codec-1.9.jar;D:\maven\apache-maven-mian\repository\com\google\code\gson\gson\2.2.4\gson-2.2.4.jar;D:\maven\apache-maven-mian\repository\org\apache\commons\commons-lang3\3.4\commons-lang3-3.4.jar;D:\maven\apache-maven-mian\repository\org\apache\zookeeper\zookeeper\3.3.6\zookeeper-3.3.6.jar;D:\maven\apache-maven-mian\repository\jline\jline\0.9.94\jline-0.9.94.jar;D:\maven\apache-maven-mian\repository\org\slf4j\slf4j-api\1.7.6\slf4j-api-1.7.6.jar;D:\maven\apache-maven-mian\repository\log4j\log4j\1.2.14\log4j-1.2.14.jar;D:\maven\apache-maven-mian\repository\com\googlecode\jmockit\jmockit\1.5\jmockit-1.5.jar;D:\maven\apache-maven-mian\repository\junit\junit\4.10\junit-4.10.jar;D:\maven\apache-maven-mian\repository\org\hamcrest\hamcrest-core\1.1\hamcrest-core-1.1.jar;D:\maven\apache-maven-mian\repository\com\github\tomakehurst\wiremock\1.46\wiremock-1.46-standalone.jar;D:\maven\apache-maven-mian\repository\net\sf\jopt-simple\jopt-simple\4.3\jopt-simple-4.3.jar;D:\maven\apache-maven-mian\repository\xmlunit\xmlunit\1.5\xmlunit-1.5.jar;D:\maven\apache-maven-mian\repository\com\fasterxml\jackson\core\jackson-core\2.6.0\jackson-core-2.6.0.jar;D:\maven\apache-maven-mian\repository\org\mortbay\jetty\jetty\6.1.14\jetty-6.1.14.jar;D:\maven\apache-maven-mian\repository\org\mortbay\jetty\jetty-util\6.1.14\jetty-util-6.1.14.jar;D:\maven\apache-maven-mian\repository\org\mortbay\jetty\servlet-api-2.5\6.1.14\servlet-api-2.5-6.1.14.jar;D:\maven\apache-maven-mian\repository\org\skyscreamer\jsonassert\1.2.1\jsonassert-1.2.1.jar;D:\maven\apache-maven-mian\repository\org\json\json\20090211\json-20090211.jar;D:\maven\apache-maven-mian\repository\com\jayway\jsonpath\json-path\0.8.1\json-path-0.8.1.jar;D:\maven\apache-maven-mian\repository\net\minidev\json-smart\1.1.1\json-smart-1.1.1.jar;D:\maven\apache-maven-mian\repository\commons-lang\commons-lang\2.6\commons-lang-2.6.jar;D:\maven\apache-maven-mian\repository\com\fasterxml\jackson\core\jackson-annotations\2.1.2\jackson-annotations-2.1.2.jar;D:\maven\apache-maven-mian\repository\com\fasterxml\jackson\core\jackson-databind\2.6.0\jackson-databind-2.6.0.jar;D:\maven\apache-maven-mian\repository\net\sourceforge\cobertura\cobertura\2.0.3\cobertura-2.0.3.jar;D:\maven\apache-maven-mian\repository\org\ow2\asm\asm\4.1\asm-4.1.jar;D:\maven\apache-maven-mian\repository\org\ow2\asm\asm-tree\4.1\asm-tree-4.1.jar;D:\maven\apache-maven-mian\repository\org\ow2\asm\asm-commons\4.1\asm-commons-4.1.jar;D:\maven\apache-maven-mian\repository\org\ow2\asm\asm-util\4.1\asm-util-4.1.jar;D:\maven\apache-maven-mian\repository\org\ow2\asm\asm-analysis\4.1\asm-analysis-4.1.jar;D:\maven\apache-maven-mian\repository\jaxen\jaxen\1.1-beta-8\jaxen-1.1-beta-8.jar;D:\maven\apache-maven-mian\repository\dom4j\dom4j\1.6.1\dom4j-1.6.1.jar;D:\maven\apache-maven-mian\repository\xml-apis\xml-apis\1.0.b2\xml-apis-1.0.b2.jar;D:\maven\apache-maven-mian\repository\jdom\jdom\1.0\jdom-1.0.jar;D:\maven\apache-maven-mian\repository\xerces\xmlParserAPIs\2.6.2\xmlParserAPIs-2.6.2.jar;D:\maven\apache-maven-mian\repository\xerces\xercesImpl\2.6.2\xercesImpl-2.6.2.jar;D:\maven\apache-maven-mian\repository\xom\xom\1.0b3\xom-1.0b3.jar;D:\maven\apache-maven-mian\repository\com\ibm\icu\icu4j\2.6.1\icu4j-2.6.1.jar;D:\maven\apache-maven-mian\repository\xalan\xalan\2.6.0\xalan-2.6.0.jar;D:\maven\apache-maven-mian\repository\org\ccil\cowan\tagsoup\tagsoup\0.9.7\tagsoup-0.9.7.jar;D:\maven\apache-maven-mian\repository\org\apache\ant\ant\1.8.3\ant-1.8.3.jar;D:\maven\apache-maven-mian\repository\org\apache\ant\ant-launcher\1.8.3\ant-launcher-1.8.3.jar;D:\Java\jdk1.8.0_171\jre\..\lib\tools.jar;"/>
    <property name="java.specification.name" value="Java Platform API Specification"/>
    <property name="java.class.version" value="52.0"/>
    <property name="sun.management.compiler" value="HotSpot 64-Bit Tiered Compilers"/>
    <property name="os.version" value="6.1"/>
    <property name="user.home" value="C:\Users\Administrator"/>
    <property name="user.timezone" value="GMT+08:00"/>
    <property name="java.awt.printerjob" value="sun.awt.windows.WPrinterJob"/>
    <property name="java.specification.version" value="1.8"/>
    <property name="file.encoding" value="UTF-8"/>
    <property name="user.name" value="Administrator"/>
    <property name="java.class.path" value="F:\workspaces\ssg-disconf\disconf\disconf-core\target\test-classes;F:\workspaces\ssg-disconf\disconf\disconf-core\target\generated-classes\cobertura;D:\maven\apache-maven-mian\repository\com\google\guava\guava\19.0-rc2\guava-19.0-rc2.jar;D:\maven\apache-maven-mian\repository\commons-io\commons-io\1.4\commons-io-1.4.jar;D:\maven\apache-maven-mian\repository\org\apache\httpcomponents\httpclient\4.5.1\httpclient-4.5.1.jar;D:\maven\apache-maven-mian\repository\org\apache\httpcomponents\httpcore\4.4.3\httpcore-4.4.3.jar;D:\maven\apache-maven-mian\repository\commons-logging\commons-logging\1.0.4\commons-logging-1.0.4.jar;D:\maven\apache-maven-mian\repository\commons-codec\commons-codec\1.9\commons-codec-1.9.jar;D:\maven\apache-maven-mian\repository\com\google\code\gson\gson\2.2.4\gson-2.2.4.jar;D:\maven\apache-maven-mian\repository\org\apache\commons\commons-lang3\3.4\commons-lang3-3.4.jar;D:\maven\apache-maven-mian\repository\org\apache\zookeeper\zookeeper\3.3.6\zookeeper-3.3.6.jar;D:\maven\apache-maven-mian\repository\jline\jline\0.9.94\jline-0.9.94.jar;D:\maven\apache-maven-mian\repository\org\slf4j\slf4j-api\1.7.6\slf4j-api-1.7.6.jar;D:\maven\apache-maven-mian\repository\log4j\log4j\1.2.14\log4j-1.2.14.jar;D:\maven\apache-maven-mian\repository\com\googlecode\jmockit\jmockit\1.5\jmockit-1.5.jar;D:\maven\apache-maven-mian\repository\junit\junit\4.10\junit-4.10.jar;D:\maven\apache-maven-mian\repository\org\hamcrest\hamcrest-core\1.1\hamcrest-core-1.1.jar;D:\maven\apache-maven-mian\repository\com\github\tomakehurst\wiremock\1.46\wiremock-1.46-standalone.jar;D:\maven\apache-maven-mian\repository\net\sf\jopt-simple\jopt-simple\4.3\jopt-simple-4.3.jar;D:\maven\apache-maven-mian\repository\xmlunit\xmlunit\1.5\xmlunit-1.5.jar;D:\maven\apache-maven-mian\repository\com\fasterxml\jackson\core\jackson-core\2.6.0\jackson-core-2.6.0.jar;D:\maven\apache-maven-mian\repository\org\mortbay\jetty\jetty\6.1.14\jetty-6.1.14.jar;D:\maven\apache-maven-mian\repository\org\mortbay\jetty\jetty-util\6.1.14\jetty-util-6.1.14.jar;D:\maven\apache-maven-mian\repository\org\mortbay\jetty\servlet-api-2.5\6.1.14\servlet-api-2.5-6.1.14.jar;D:\maven\apache-maven-mian\repository\org\skyscreamer\jsonassert\1.2.1\jsonassert-1.2.1.jar;D:\maven\apache-maven-mian\repository\org\json\json\20090211\json-20090211.jar;D:\maven\apache-maven-mian\repository\com\jayway\jsonpath\json-path\0.8.1\json-path-0.8.1.jar;D:\maven\apache-maven-mian\repository\net\minidev\json-smart\1.1.1\json-smart-1.1.1.jar;D:\maven\apache-maven-mian\repository\commons-lang\commons-lang\2.6\commons-lang-2.6.jar;D:\maven\apache-maven-mian\repository\com\fasterxml\jackson\core\jackson-annotations\2.1.2\jackson-annotations-2.1.2.jar;D:\maven\apache-maven-mian\repository\com\fasterxml\jackson\core\jackson-databind\2.6.0\jackson-databind-2.6.0.jar;D:\maven\apache-maven-mian\repository\net\sourceforge\cobertura\cobertura\2.0.3\cobertura-2.0.3.jar;D:\maven\apache-maven-mian\repository\org\ow2\asm\asm\4.1\asm-4.1.jar;D:\maven\apache-maven-mian\repository\org\ow2\asm\asm-tree\4.1\asm-tree-4.1.jar;D:\maven\apache-maven-mian\repository\org\ow2\asm\asm-commons\4.1\asm-commons-4.1.jar;D:\maven\apache-maven-mian\repository\org\ow2\asm\asm-util\4.1\asm-util-4.1.jar;D:\maven\apache-maven-mian\repository\org\ow2\asm\asm-analysis\4.1\asm-analysis-4.1.jar;D:\maven\apache-maven-mian\repository\jaxen\jaxen\1.1-beta-8\jaxen-1.1-beta-8.jar;D:\maven\apache-maven-mian\repository\dom4j\dom4j\1.6.1\dom4j-1.6.1.jar;D:\maven\apache-maven-mian\repository\xml-apis\xml-apis\1.0.b2\xml-apis-1.0.b2.jar;D:\maven\apache-maven-mian\repository\jdom\jdom\1.0\jdom-1.0.jar;D:\maven\apache-maven-mian\repository\xerces\xmlParserAPIs\2.6.2\xmlParserAPIs-2.6.2.jar;D:\maven\apache-maven-mian\repository\xerces\xercesImpl\2.6.2\xercesImpl-2.6.2.jar;D:\maven\apache-maven-mian\repository\xom\xom\1.0b3\xom-1.0b3.jar;D:\maven\apache-maven-mian\repository\com\ibm\icu\icu4j\2.6.1\icu4j-2.6.1.jar;D:\maven\apache-maven-mian\repository\xalan\xalan\2.6.0\xalan-2.6.0.jar;D:\maven\apache-maven-mian\repository\org\ccil\cowan\tagsoup\tagsoup\0.9.7\tagsoup-0.9.7.jar;D:\maven\apache-maven-mian\repository\org\apache\ant\ant\1.8.3\ant-1.8.3.jar;D:\maven\apache-maven-mian\repository\org\apache\ant\ant-launcher\1.8.3\ant-launcher-1.8.3.jar;D:\Java\jdk1.8.0_171\jre\..\lib\tools.jar;"/>
    <property name="java.vm.specification.version" value="1.8"/>
    <property name="sun.arch.data.model" value="64"/>
    <property name="java.home" value="D:\Java\jdk1.8.0_171\jre"/>
    <property name="sun.java.command" value="C:\Users\ADMINI~1\AppData\Local\Temp\surefirebooter5090588998548950765.jar C:\Users\ADMINI~1\AppData\Local\Temp\surefire1311573225731630949tmp C:\Users\ADMINI~1\AppData\Local\Temp\surefire4161746666652310584tmp"/>
    <property name="java.specification.vendor" value="Oracle Corporation"/>
    <property name="user.language" value="zh"/>
    <property name="awt.toolkit" value="sun.awt.windows.WToolkit"/>
    <property name="java.vm.info" value="mixed mode"/>
    <property name="java.version" value="1.8.0_171"/>
    <property name="java.ext.dirs" value="D:\Java\jdk1.8.0_171\jre\lib\ext;C:\Windows\Sun\Java\lib\ext"/>
    <property name="sun.boot.class.path" value="D:\Java\jdk1.8.0_171\jre\lib\resources.jar;D:\Java\jdk1.8.0_171\jre\lib\rt.jar;D:\Java\jdk1.8.0_171\jre\lib\sunrsasign.jar;D:\Java\jdk1.8.0_171\jre\lib\jsse.jar;D:\Java\jdk1.8.0_171\jre\lib\jce.jar;D:\Java\jdk1.8.0_171\jre\lib\charsets.jar;D:\Java\jdk1.8.0_171\jre\lib\jfr.jar;D:\Java\jdk1.8.0_171\jre\classes"/>
    <property name="java.vendor" value="Oracle Corporation"/>
    <property name="localRepository" value="D:\maven\apache-maven-mian\repository"/>
    <property name="file.separator" value="\"/>
    <property name="java.vendor.url.bug" value="http://bugreport.sun.com/bugreport/"/>
    <property name="sun.cpu.endian" value="little"/>
    <property name="sun.io.unicode.encoding" value="UnicodeLittle"/>
    <property name="sun.desktop" value="windows"/>
    <property name="sun.cpu.isalist" value="amd64"/>
  </properties>
  <testcase classname="com.baidu.disconf.core.test.utils.MyStringUtilsTestCase" name="getRandomName" time="0.002"/>
</testsuite>